
**** Build of configuration Debug for project Lab1 ****

"C:\\ti\\ccs1040\\ccs\\utils\\bin\\gmake" -k -j 16 all -O 
 
Building file: "../tm4c123gh6pm_startup_ccs.c"
Invoking: Arm Compiler
"C:/ti/ccs1040/ccs/tools/compiler/ti-cgt-arm_20.2.5.LTS/bin/armcl" -mv7M4 --code_state=16 --float_support=FPv4SPD16 -me --include_path="D:/CENG2400/Lab1/Lab1" --include_path="C:/ti/TivaWare_C_Series-2.1.4.178" --include_path="C:/ti/ccs1040/ccs/tools/compiler/ti-cgt-arm_20.2.5.LTS/include" --define=ccs="ccs" --define=PART_TM4C123GH6PM -g --gcc --diag_warning=225 --diag_wrap=off --display_error_number --abi=eabi --preproc_with_compile --preproc_dependency="tm4c123gh6pm_startup_ccs.d_raw"  "../tm4c123gh6pm_startup_ccs.c"
Finished building: "../tm4c123gh6pm_startup_ccs.c"
 
Building file: "../main.c"
Invoking: Arm Compiler
"C:/ti/ccs1040/ccs/tools/compiler/ti-cgt-arm_20.2.5.LTS/bin/armcl" -mv7M4 --code_state=16 --float_support=FPv4SPD16 -me --include_path="D:/CENG2400/Lab1/Lab1" --include_path="C:/ti/TivaWare_C_Series-2.1.4.178" --include_path="C:/ti/ccs1040/ccs/tools/compiler/ti-cgt-arm_20.2.5.LTS/include" --define=ccs="ccs" --define=PART_TM4C123GH6PM -g --gcc --diag_warning=225 --diag_wrap=off --display_error_number --abi=eabi --preproc_with_compile --preproc_dependency="main.d_raw"  "../main.c"
Finished building: "../main.c"
 
Building target: "Lab1.out"
Invoking: Arm Linker
"C:/ti/ccs1040/ccs/tools/compiler/ti-cgt-arm_20.2.5.LTS/bin/armcl" -mv7M4 --code_state=16 --float_support=FPv4SPD16 -me --define=ccs="ccs" --define=PART_TM4C123GH6PM -g --gcc --diag_warning=225 --diag_wrap=off --display_error_number --abi=eabi -z -m"Lab1.map" --heap_size=0 --stack_size=512 -i"C:/ti/ccs1040/ccs/tools/compiler/ti-cgt-arm_20.2.5.LTS/lib" -i"C:/ti/ccs1040/ccs/tools/compiler/ti-cgt-arm_20.2.5.LTS/include" --reread_libs --diag_wrap=off --display_error_number --warn_sections --xml_link_info="Lab1_linkInfo.xml" --rom_model -o "Lab1.out" "./main.obj" "./tm4c123gh6pm_startup_ccs.obj" "../tm4c123gh6pm.cmd"  -llibc.a 
<Linking>
 
 undefined              first referenced
  symbol                    in file     
 ---------              ----------------
 GPIOPadConfigSet       ./main.obj      
 GPIOPinRead            ./main.obj      
 GPIOPinTypeGPIOInput   ./main.obj      
 GPIOPinTypeGPIOOutput  ./main.obj      
 GPIOPinWrite           ./main.obj      
 SysCtlClockSet         ./main.obj      
 SysCtlDelay            ./main.obj      
 SysCtlPeripheralEnable ./main.obj      
 
error #10234-D: unresolved symbols remain
error #10010: errors encountered during linking; "Lab1.out" not built
 
>> Compilation failure
makefile:142: recipe for target 'Lab1.out' failed
gmake[1]: *** [Lab1.out] Error 1
makefile:138: recipe for target 'all' failed
gmake: *** [all] Error 2

**** Build Finished ****

**** Build of configuration Debug for project Lab1 ****

"C:\\ti\\ccs1040\\ccs\\utils\\bin\\gmake" -k -j 16 all -O 
 
Building target: "Lab1.out"
Invoking: Arm Linker
"C:/ti/ccs1040/ccs/tools/compiler/ti-cgt-arm_20.2.5.LTS/bin/armcl" -mv7M4 --code_state=16 --float_support=FPv4SPD16 -me --define=ccs="ccs" --define=PART_TM4C123GH6PM -g --gcc --diag_warning=225 --diag_wrap=off --display_error_number --abi=eabi -z -m"Lab1.map" --heap_size=0 --stack_size=512 -i"C:/ti/ccs1040/ccs/tools/compiler/ti-cgt-arm_20.2.5.LTS/lib" -i"C:/ti/ccs1040/ccs/tools/compiler/ti-cgt-arm_20.2.5.LTS/include" --reread_libs --diag_wrap=off --display_error_number --warn_sections --xml_link_info="Lab1_linkInfo.xml" --rom_model -o "Lab1.out" "./main.obj" "./tm4c123gh6pm_startup_ccs.obj" "../tm4c123gh6pm.cmd"  -llibc.a -l"C:/ti/TivaWare_C_Series-2.1.4.178/driverlib/ccs/Debug/driverlib.lib" 
<Linking>
Finished building target: "Lab1.out"
 

**** Build Finished ****

**** Build of configuration Debug for project Lab1 ****

"C:\\ti\\ccs1040\\ccs\\utils\\bin\\gmake" -k -j 16 all -O 
 
gmake[1]: 'Lab1.out' is up to date.

**** Build Finished ****

**** Build of configuration Debug for project Lab1 ****

"C:\\ti\\ccs1040\\ccs\\utils\\bin\\gmake" -k -j 16 all -O 
 
Building file: "../main.c"
Invoking: Arm Compiler
"C:/ti/ccs1040/ccs/tools/compiler/ti-cgt-arm_20.2.5.LTS/bin/armcl" -mv7M4 --code_state=16 --float_support=FPv4SPD16 -me --include_path="D:/CENG2400/Lab1/Lab1" --include_path="C:/ti/TivaWare_C_Series-2.1.4.178" --include_path="C:/ti/ccs1040/ccs/tools/compiler/ti-cgt-arm_20.2.5.LTS/include" --define=ccs="ccs" --define=PART_TM4C123GH6PM -g --gcc --diag_warning=225 --diag_wrap=off --display_error_number --abi=eabi --preproc_with_compile --preproc_dependency="main.d_raw"  "../main.c"
Finished building: "../main.c"
 
Building target: "Lab1.out"
Invoking: Arm Linker
"C:/ti/ccs1040/ccs/tools/compiler/ti-cgt-arm_20.2.5.LTS/bin/armcl" -mv7M4 --code_state=16 --float_support=FPv4SPD16 -me --define=ccs="ccs" --define=PART_TM4C123GH6PM -g --gcc --diag_warning=225 --diag_wrap=off --display_error_number --abi=eabi -z -m"Lab1.map" --heap_size=0 --stack_size=512 -i"C:/ti/ccs1040/ccs/tools/compiler/ti-cgt-arm_20.2.5.LTS/lib" -i"C:/ti/ccs1040/ccs/tools/compiler/ti-cgt-arm_20.2.5.LTS/include" --reread_libs --diag_wrap=off --display_error_number --warn_sections --xml_link_info="Lab1_linkInfo.xml" --rom_model -o "Lab1.out" "./main.obj" "./tm4c123gh6pm_startup_ccs.obj" "../tm4c123gh6pm.cmd"  -llibc.a -l"C:/ti/TivaWare_C_Series-2.1.4.178/driverlib/ccs/Debug/driverlib.lib" 
<Linking>
Finished building target: "Lab1.out"
 

**** Build Finished ****

**** Build of configuration Debug for project Lab1 ****

"C:\\ti\\ccs1040\\ccs\\utils\\bin\\gmake" -k -j 16 all -O 
 
gmake[1]: 'Lab1.out' is up to date.

**** Build Finished ****

**** Build of configuration Debug for project Lab1 ****

"C:\\ti\\ccs1040\\ccs\\utils\\bin\\gmake" -k -j 16 all -O 
 
Building file: "../main.c"
Invoking: Arm Compiler
"C:/ti/ccs1040/ccs/tools/compiler/ti-cgt-arm_20.2.5.LTS/bin/armcl" -mv7M4 --code_state=16 --float_support=FPv4SPD16 -me --include_path="D:/CENG2400/Lab1/Lab1" --include_path="C:/ti/TivaWare_C_Series-2.1.4.178" --include_path="C:/ti/ccs1040/ccs/tools/compiler/ti-cgt-arm_20.2.5.LTS/include" --define=ccs="ccs" --define=PART_TM4C123GH6PM -g --gcc --diag_warning=225 --diag_wrap=off --display_error_number --abi=eabi --preproc_with_compile --preproc_dependency="main.d_raw"  "../main.c"
Finished building: "../main.c"
 
Building target: "Lab1.out"
Invoking: Arm Linker
"C:/ti/ccs1040/ccs/tools/compiler/ti-cgt-arm_20.2.5.LTS/bin/armcl" -mv7M4 --code_state=16 --float_support=FPv4SPD16 -me --define=ccs="ccs" --define=PART_TM4C123GH6PM -g --gcc --diag_warning=225 --diag_wrap=off --display_error_number --abi=eabi -z -m"Lab1.map" --heap_size=0 --stack_size=512 -i"C:/ti/ccs1040/ccs/tools/compiler/ti-cgt-arm_20.2.5.LTS/lib" -i"C:/ti/ccs1040/ccs/tools/compiler/ti-cgt-arm_20.2.5.LTS/include" --reread_libs --diag_wrap=off --display_error_number --warn_sections --xml_link_info="Lab1_linkInfo.xml" --rom_model -o "Lab1.out" "./main.obj" "./tm4c123gh6pm_startup_ccs.obj" "../tm4c123gh6pm.cmd"  -llibc.a -l"C:/ti/TivaWare_C_Series-2.1.4.178/driverlib/ccs/Debug/driverlib.lib" 
<Linking>
Finished building target: "Lab1.out"
 

**** Build Finished ****

**** Build of configuration Debug for project Lab1 ****

"C:\\ti\\ccs1040\\ccs\\utils\\bin\\gmake" -k -j 16 all -O 
 
gmake[1]: 'Lab1.out' is up to date.

**** Build Finished ****

**** Build of configuration Debug for project Lab1 ****

"C:\\ti\\ccs1040\\ccs\\utils\\bin\\gmake" -k -j 16 all -O 
 
Building file: "../main.c"
Invoking: Arm Compiler
"C:/ti/ccs1040/ccs/tools/compiler/ti-cgt-arm_20.2.5.LTS/bin/armcl" -mv7M4 --code_state=16 --float_support=FPv4SPD16 -me --include_path="D:/CENG2400/Lab1/Lab1" --include_path="C:/ti/TivaWare_C_Series-2.1.4.178" --include_path="C:/ti/ccs1040/ccs/tools/compiler/ti-cgt-arm_20.2.5.LTS/include" --define=ccs="ccs" --define=PART_TM4C123GH6PM -g --gcc --diag_warning=225 --diag_wrap=off --display_error_number --abi=eabi --preproc_with_compile --preproc_dependency="main.d_raw"  "../main.c"
Finished building: "../main.c"
 
Building target: "Lab1.out"
Invoking: Arm Linker
"C:/ti/ccs1040/ccs/tools/compiler/ti-cgt-arm_20.2.5.LTS/bin/armcl" -mv7M4 --code_state=16 --float_support=FPv4SPD16 -me --define=ccs="ccs" --define=PART_TM4C123GH6PM -g --gcc --diag_warning=225 --diag_wrap=off --display_error_number --abi=eabi -z -m"Lab1.map" --heap_size=0 --stack_size=512 -i"C:/ti/ccs1040/ccs/tools/compiler/ti-cgt-arm_20.2.5.LTS/lib" -i"C:/ti/ccs1040/ccs/tools/compiler/ti-cgt-arm_20.2.5.LTS/include" --reread_libs --diag_wrap=off --display_error_number --warn_sections --xml_link_info="Lab1_linkInfo.xml" --rom_model -o "Lab1.out" "./main.obj" "./tm4c123gh6pm_startup_ccs.obj" "../tm4c123gh6pm.cmd"  -llibc.a -l"C:/ti/TivaWare_C_Series-2.1.4.178/driverlib/ccs/Debug/driverlib.lib" 
<Linking>
Finished building target: "Lab1.out"
 

**** Build Finished ****

**** Build of configuration Debug for project Lab1 ****

"C:\\ti\\ccs1040\\ccs\\utils\\bin\\gmake" -k -j 16 all -O 
 
gmake[1]: 'Lab1.out' is up to date.

**** Build Finished ****

**** Build of configuration Debug for project Lab1 ****

"C:\\ti\\ccs1040\\ccs\\utils\\bin\\gmake" -k -j 16 all -O 
 
Building file: "../main.c"
Invoking: Arm Compiler
"C:/ti/ccs1040/ccs/tools/compiler/ti-cgt-arm_20.2.5.LTS/bin/armcl" -mv7M4 --code_state=16 --float_support=FPv4SPD16 -me --include_path="D:/CENG2400/Lab1/Lab1" --include_path="C:/ti/TivaWare_C_Series-2.1.4.178" --include_path="C:/ti/ccs1040/ccs/tools/compiler/ti-cgt-arm_20.2.5.LTS/include" --define=ccs="ccs" --define=PART_TM4C123GH6PM -g --gcc --diag_warning=225 --diag_wrap=off --display_error_number --abi=eabi --preproc_with_compile --preproc_dependency="main.d_raw"  "../main.c"
Finished building: "../main.c"
 
Building target: "Lab1.out"
Invoking: Arm Linker
"C:/ti/ccs1040/ccs/tools/compiler/ti-cgt-arm_20.2.5.LTS/bin/armcl" -mv7M4 --code_state=16 --float_support=FPv4SPD16 -me --define=ccs="ccs" --define=PART_TM4C123GH6PM -g --gcc --diag_warning=225 --diag_wrap=off --display_error_number --abi=eabi -z -m"Lab1.map" --heap_size=0 --stack_size=512 -i"C:/ti/ccs1040/ccs/tools/compiler/ti-cgt-arm_20.2.5.LTS/lib" -i"C:/ti/ccs1040/ccs/tools/compiler/ti-cgt-arm_20.2.5.LTS/include" --reread_libs --diag_wrap=off --display_error_number --warn_sections --xml_link_info="Lab1_linkInfo.xml" --rom_model -o "Lab1.out" "./main.obj" "./tm4c123gh6pm_startup_ccs.obj" "../tm4c123gh6pm.cmd"  -llibc.a -l"C:/ti/TivaWare_C_Series-2.1.4.178/driverlib/ccs/Debug/driverlib.lib" 
<Linking>
Finished building target: "Lab1.out"
 

**** Build Finished ****

**** Build of configuration Debug for project Lab1 ****

"C:\\ti\\ccs1040\\ccs\\utils\\bin\\gmake" -k -j 16 all -O 
 
gmake[1]: 'Lab1.out' is up to date.

**** Build Finished ****

**** Build of configuration Debug for project Lab1 ****

"C:\\ti\\ccs1040\\ccs\\utils\\bin\\gmake" -k -j 16 all -O 
 
Building file: "../main.c"
Invoking: Arm Compiler
"C:/ti/ccs1040/ccs/tools/compiler/ti-cgt-arm_20.2.5.LTS/bin/armcl" -mv7M4 --code_state=16 --float_support=FPv4SPD16 -me --include_path="D:/CENG2400/Lab1/Lab1" --include_path="C:/ti/TivaWare_C_Series-2.1.4.178" --include_path="C:/ti/ccs1040/ccs/tools/compiler/ti-cgt-arm_20.2.5.LTS/include" --define=ccs="ccs" --define=PART_TM4C123GH6PM -g --gcc --diag_warning=225 --diag_wrap=off --display_error_number --abi=eabi --preproc_with_compile --preproc_dependency="main.d_raw"  "../main.c"
"../main.c", line 44: warning #189-D: use of "=" where "==" may have been intended
Finished building: "../main.c"
 
Building target: "Lab1.out"
Invoking: Arm Linker
"C:/ti/ccs1040/ccs/tools/compiler/ti-cgt-arm_20.2.5.LTS/bin/armcl" -mv7M4 --code_state=16 --float_support=FPv4SPD16 -me --define=ccs="ccs" --define=PART_TM4C123GH6PM -g --gcc --diag_warning=225 --diag_wrap=off --display_error_number --abi=eabi -z -m"Lab1.map" --heap_size=0 --stack_size=512 -i"C:/ti/ccs1040/ccs/tools/compiler/ti-cgt-arm_20.2.5.LTS/lib" -i"C:/ti/ccs1040/ccs/tools/compiler/ti-cgt-arm_20.2.5.LTS/include" --reread_libs --diag_wrap=off --display_error_number --warn_sections --xml_link_info="Lab1_linkInfo.xml" --rom_model -o "Lab1.out" "./main.obj" "./tm4c123gh6pm_startup_ccs.obj" "../tm4c123gh6pm.cmd"  -llibc.a -l"C:/ti/TivaWare_C_Series-2.1.4.178/driverlib/ccs/Debug/driverlib.lib" 
<Linking>
Finished building target: "Lab1.out"
 

**** Build Finished ****

**** Build of configuration Debug for project Lab1 ****

"C:\\ti\\ccs1040\\ccs\\utils\\bin\\gmake" -k -j 16 all -O 
 
gmake[1]: 'Lab1.out' is up to date.

**** Build Finished ****

**** Build of configuration Debug for project Lab1 ****

"C:\\ti\\ccs1040\\ccs\\utils\\bin\\gmake" -k -j 16 all -O 
 
Building file: "../main.c"
Invoking: Arm Compiler
"C:/ti/ccs1040/ccs/tools/compiler/ti-cgt-arm_20.2.5.LTS/bin/armcl" -mv7M4 --code_state=16 --float_support=FPv4SPD16 -me --include_path="D:/CENG2400/Lab1/Lab1" --include_path="C:/ti/TivaWare_C_Series-2.1.4.178" --include_path="C:/ti/ccs1040/ccs/tools/compiler/ti-cgt-arm_20.2.5.LTS/include" --define=ccs="ccs" --define=PART_TM4C123GH6PM -g --gcc --diag_warning=225 --diag_wrap=off --display_error_number --abi=eabi --preproc_with_compile --preproc_dependency="main.d_raw"  "../main.c"
Finished building: "../main.c"
 
Building target: "Lab1.out"
Invoking: Arm Linker
"C:/ti/ccs1040/ccs/tools/compiler/ti-cgt-arm_20.2.5.LTS/bin/armcl" -mv7M4 --code_state=16 --float_support=FPv4SPD16 -me --define=ccs="ccs" --define=PART_TM4C123GH6PM -g --gcc --diag_warning=225 --diag_wrap=off --display_error_number --abi=eabi -z -m"Lab1.map" --heap_size=0 --stack_size=512 -i"C:/ti/ccs1040/ccs/tools/compiler/ti-cgt-arm_20.2.5.LTS/lib" -i"C:/ti/ccs1040/ccs/tools/compiler/ti-cgt-arm_20.2.5.LTS/include" --reread_libs --diag_wrap=off --display_error_number --warn_sections --xml_link_info="Lab1_linkInfo.xml" --rom_model -o "Lab1.out" "./main.obj" "./tm4c123gh6pm_startup_ccs.obj" "../tm4c123gh6pm.cmd"  -llibc.a -l"C:/ti/TivaWare_C_Series-2.1.4.178/driverlib/ccs/Debug/driverlib.lib" 
<Linking>
Finished building target: "Lab1.out"
 

**** Build Finished ****

**** Build of configuration Debug for project Lab1 ****

"C:\\ti\\ccs1040\\ccs\\utils\\bin\\gmake" -k -j 16 all -O 
 
gmake[1]: 'Lab1.out' is up to date.

**** Build Finished ****

**** Build of configuration Debug for project Lab1 ****

"C:\\ti\\ccs1040\\ccs\\utils\\bin\\gmake" -k -j 16 all -O 
 
Building file: "../main.c"
Invoking: Arm Compiler
"C:/ti/ccs1040/ccs/tools/compiler/ti-cgt-arm_20.2.5.LTS/bin/armcl" -mv7M4 --code_state=16 --float_support=FPv4SPD16 -me --include_path="D:/CENG2400/Lab1/Lab1" --include_path="C:/ti/TivaWare_C_Series-2.1.4.178" --include_path="C:/ti/ccs1040/ccs/tools/compiler/ti-cgt-arm_20.2.5.LTS/include" --define=ccs="ccs" --define=PART_TM4C123GH6PM -g --gcc --diag_warning=225 --diag_wrap=off --display_error_number --abi=eabi --preproc_with_compile --preproc_dependency="main.d_raw"  "../main.c"
Finished building: "../main.c"
 
Building target: "Lab1.out"
Invoking: Arm Linker
"C:/ti/ccs1040/ccs/tools/compiler/ti-cgt-arm_20.2.5.LTS/bin/armcl" -mv7M4 --code_state=16 --float_support=FPv4SPD16 -me --define=ccs="ccs" --define=PART_TM4C123GH6PM -g --gcc --diag_warning=225 --diag_wrap=off --display_error_number --abi=eabi -z -m"Lab1.map" --heap_size=0 --stack_size=512 -i"C:/ti/ccs1040/ccs/tools/compiler/ti-cgt-arm_20.2.5.LTS/lib" -i"C:/ti/ccs1040/ccs/tools/compiler/ti-cgt-arm_20.2.5.LTS/include" --reread_libs --diag_wrap=off --display_error_number --warn_sections --xml_link_info="Lab1_linkInfo.xml" --rom_model -o "Lab1.out" "./main.obj" "./tm4c123gh6pm_startup_ccs.obj" "../tm4c123gh6pm.cmd"  -llibc.a -l"C:/ti/TivaWare_C_Series-2.1.4.178/driverlib/ccs/Debug/driverlib.lib" 
<Linking>
Finished building target: "Lab1.out"
 

**** Build Finished ****

**** Build of configuration Debug for project Lab1 ****

"C:\\ti\\ccs1040\\ccs\\utils\\bin\\gmake" -k -j 16 all -O 
 
gmake[1]: 'Lab1.out' is up to date.

**** Build Finished ****

**** Build of configuration Debug for project Lab1 ****

"C:\\ti\\ccs1040\\ccs\\utils\\bin\\gmake" -k -j 16 all -O 
 
Building file: "../main.c"
Invoking: Arm Compiler
"C:/ti/ccs1040/ccs/tools/compiler/ti-cgt-arm_20.2.5.LTS/bin/armcl" -mv7M4 --code_state=16 --float_support=FPv4SPD16 -me --include_path="D:/CENG2400/Lab1/Lab1" --include_path="C:/ti/TivaWare_C_Series-2.1.4.178" --include_path="C:/ti/ccs1040/ccs/tools/compiler/ti-cgt-arm_20.2.5.LTS/include" --define=ccs="ccs" --define=PART_TM4C123GH6PM -g --gcc --diag_warning=225 --diag_wrap=off --display_error_number --abi=eabi --preproc_with_compile --preproc_dependency="main.d_raw"  "../main.c"
Finished building: "../main.c"
 
Building target: "Lab1.out"
Invoking: Arm Linker
"C:/ti/ccs1040/ccs/tools/compiler/ti-cgt-arm_20.2.5.LTS/bin/armcl" -mv7M4 --code_state=16 --float_support=FPv4SPD16 -me --define=ccs="ccs" --define=PART_TM4C123GH6PM -g --gcc --diag_warning=225 --diag_wrap=off --display_error_number --abi=eabi -z -m"Lab1.map" --heap_size=0 --stack_size=512 -i"C:/ti/ccs1040/ccs/tools/compiler/ti-cgt-arm_20.2.5.LTS/lib" -i"C:/ti/ccs1040/ccs/tools/compiler/ti-cgt-arm_20.2.5.LTS/include" --reread_libs --diag_wrap=off --display_error_number --warn_sections --xml_link_info="Lab1_linkInfo.xml" --rom_model -o "Lab1.out" "./main.obj" "./tm4c123gh6pm_startup_ccs.obj" "../tm4c123gh6pm.cmd"  -llibc.a -l"C:/ti/TivaWare_C_Series-2.1.4.178/driverlib/ccs/Debug/driverlib.lib" 
<Linking>
Finished building target: "Lab1.out"
 

**** Build Finished ****

**** Build of configuration Debug for project Lab1 ****

"C:\\ti\\ccs1040\\ccs\\utils\\bin\\gmake" -k -j 16 all -O 
 
gmake[1]: 'Lab1.out' is up to date.

**** Build Finished ****

**** Build of configuration Debug for project Lab1 ****

"C:\\ti\\ccs1040\\ccs\\utils\\bin\\gmake" -k -j 16 all -O 
 
gmake[1]: 'Lab1.out' is up to date.

**** Build Finished ****

**** Build of configuration Debug for project Lab1 ****

"C:\\ti\\ccs1040\\ccs\\utils\\bin\\gmake" -k -j 16 all -O 
 
gmake[1]: 'Lab1.out' is up to date.

**** Build Finished ****

**** Build of configuration Debug for project Lab1 ****

"C:\\ti\\ccs1040\\ccs\\utils\\bin\\gmake" -k -j 16 all -O 
 
gmake[1]: 'Lab1.out' is up to date.

**** Build Finished ****
